2024-03-10T17:02:39.108+07:00  INFO 21736 --- [main] c.e.b.BackendKhoaLuanApplication         : Starting BackendKhoaLuanApplication using Java 17.0.7 with PID 21736 (D:\front-end\backend-khoa-luan\target\classes started by HP in D:\front-end\backend-khoa-luan)
2024-03-10T17:02:39.108+07:00  INFO 21736 --- [main] c.e.b.BackendKhoaLuanApplication         : No active profile set, falling back to 1 default profile: "default"
2024-03-10T17:02:40.295+07:00  INFO 21736 --- [main] .s.d.r.c.RepositoryConfigurationDelegate : Bootstrapping Spring Data JPA repositories in DEFAULT mode.
2024-03-10T17:02:40.415+07:00  INFO 21736 --- [main] .s.d.r.c.RepositoryConfigurationDelegate : Finished Spring Data repository scanning in 109 ms. Found 9 JPA repository interfaces.
2024-03-10T17:02:40.888+07:00  INFO 21736 --- [main] o.s.b.w.embedded.tomcat.TomcatWebServer  : Tomcat initialized with port 8081 (http)
2024-03-10T17:02:40.903+07:00  INFO 21736 --- [main] o.apache.catalina.core.StandardService   : Starting service [Tomcat]
2024-03-10T17:02:40.903+07:00  INFO 21736 --- [main] o.apache.catalina.core.StandardEngine    : Starting Servlet engine: [Apache Tomcat/10.1.18]
2024-03-10T17:02:40.971+07:00  INFO 21736 --- [main] o.a.c.c.C.[Tomcat].[localhost].[/]       : Initializing Spring embedded WebApplicationContext
2024-03-10T17:02:40.971+07:00  INFO 21736 --- [main] w.s.c.ServletWebServerApplicationContext : Root WebApplicationContext: initialization completed in 1753 ms
2024-03-10T17:02:41.107+07:00  INFO 21736 --- [main] o.hibernate.jpa.internal.util.LogHelper  : HHH000204: Processing PersistenceUnitInfo [name: default]
2024-03-10T17:02:41.154+07:00  INFO 21736 --- [main] org.hibernate.Version                    : HHH000412: Hibernate ORM core version 6.4.1.Final
2024-03-10T17:02:41.201+07:00  INFO 21736 --- [main] o.h.c.internal.RegionFactoryInitiator    : HHH000026: Second-level cache disabled
2024-03-10T17:02:41.624+07:00  INFO 21736 --- [main] o.s.o.j.p.SpringPersistenceUnitInfo      : No LoadTimeWeaver setup: ignoring JPA class transformer
2024-03-10T17:02:41.644+07:00  INFO 21736 --- [main] com.zaxxer.hikari.HikariDataSource       : HikariPool-1 - Starting...
2024-03-10T17:02:42.232+07:00  INFO 21736 --- [main] com.zaxxer.hikari.pool.HikariPool        : HikariPool-1 - Added connection com.mysql.cj.jdbc.ConnectionImpl@12f51a65
2024-03-10T17:02:42.234+07:00  INFO 21736 --- [main] com.zaxxer.hikari.HikariDataSource       : HikariPool-1 - Start completed.
2024-03-10T17:02:43.977+07:00  INFO 21736 --- [main] o.h.e.t.j.p.i.JtaPlatformInitiator       : HHH000489: No JTA platform available (set 'hibernate.transaction.jta.platform' to enable JTA platform integration)
2024-03-10T17:02:43.982+07:00  INFO 21736 --- [main] j.LocalContainerEntityManagerFactoryBean : Initialized JPA EntityManagerFactory for persistence unit 'default'
2024-03-10T17:02:45.189+07:00  INFO 21736 --- [main] o.s.s.web.DefaultSecurityFilterChain     : Will secure any request with [org.springframework.security.web.session.DisableEncodeUrlFilter@18fcfe7e, org.springframework.security.web.context.request.async.WebAsyncManagerIntegrationFilter@1ed0128b, org.springframework.security.web.context.SecurityContextHolderFilter@4fbed6fc, org.springframework.security.web.header.HeaderWriterFilter@6347f9cc, org.springframework.web.filter.CorsFilter@5319e4fc, org.springframework.security.web.authentication.logout.LogoutFilter@23243bc0, com.example.backendkhoaluan.security.CustomJwtFilter@9ba167e, org.springframework.security.web.savedrequest.RequestCacheAwareFilter@129b0ed, org.springframework.security.web.servletapi.SecurityContextHolderAwareRequestFilter@4ccf1d3e, org.springframework.security.web.authentication.AnonymousAuthenticationFilter@3b48361e, org.springframework.security.web.session.SessionManagementFilter@3bede349, org.springframework.security.web.access.ExceptionTranslationFilter@183435c0, org.springframework.security.web.access.intercept.AuthorizationFilter@42a89cef]
2024-03-10T17:02:45.692+07:00  INFO 21736 --- [main] o.s.b.w.embedded.tomcat.TomcatWebServer  : Tomcat started on port 8081 (http) with context path ''
2024-03-10T17:02:45.703+07:00  INFO 21736 --- [main] c.e.b.BackendKhoaLuanApplication         : Started BackendKhoaLuanApplication in 7.792 seconds (process running for 9.151)
2024-03-10T21:02:57.428+07:00  WARN 21736 --- [HikariPool-1 housekeeper] com.zaxxer.hikari.pool.HikariPool        : HikariPool-1 - Thread starvation or clock leap detected (housekeeper delta=3h52m14s948ms102µs200ns).
2024-03-10T21:10:17.912+07:00  INFO 22328 --- [main] c.e.b.BackendKhoaLuanApplication         : Starting BackendKhoaLuanApplication using Java 17.0.7 with PID 22328 (D:\front-end\backend-khoa-luan\target\classes started by HP in D:\front-end\backend-khoa-luan)
2024-03-10T21:10:17.912+07:00  INFO 22328 --- [main] c.e.b.BackendKhoaLuanApplication         : No active profile set, falling back to 1 default profile: "default"
2024-03-10T21:10:18.417+07:00  INFO 22328 --- [main] .s.d.r.c.RepositoryConfigurationDelegate : Bootstrapping Spring Data JPA repositories in DEFAULT mode.
2024-03-10T21:10:18.479+07:00  INFO 22328 --- [main] .s.d.r.c.RepositoryConfigurationDelegate : Finished Spring Data repository scanning in 57 ms. Found 9 JPA repository interfaces.
2024-03-10T21:10:18.808+07:00  INFO 22328 --- [main] o.s.b.w.embedded.tomcat.TomcatWebServer  : Tomcat initialized with port 8081 (http)
2024-03-10T21:10:18.808+07:00  INFO 22328 --- [main] o.apache.catalina.core.StandardService   : Starting service [Tomcat]
2024-03-10T21:10:18.808+07:00  INFO 22328 --- [main] o.apache.catalina.core.StandardEngine    : Starting Servlet engine: [Apache Tomcat/10.1.18]
2024-03-10T21:10:18.839+07:00  INFO 22328 --- [main] o.a.c.c.C.[Tomcat].[localhost].[/]       : Initializing Spring embedded WebApplicationContext
2024-03-10T21:10:18.839+07:00  INFO 22328 --- [main] w.s.c.ServletWebServerApplicationContext : Root WebApplicationContext: initialization completed in 902 ms
2024-03-10T21:10:18.917+07:00  INFO 22328 --- [main] o.hibernate.jpa.internal.util.LogHelper  : HHH000204: Processing PersistenceUnitInfo [name: default]
2024-03-10T21:10:18.964+07:00  INFO 22328 --- [main] org.hibernate.Version                    : HHH000412: Hibernate ORM core version 6.4.1.Final
2024-03-10T21:10:18.979+07:00  INFO 22328 --- [main] o.h.c.internal.RegionFactoryInitiator    : HHH000026: Second-level cache disabled
2024-03-10T21:10:19.104+07:00  INFO 22328 --- [main] o.s.o.j.p.SpringPersistenceUnitInfo      : No LoadTimeWeaver setup: ignoring JPA class transformer
2024-03-10T21:10:19.120+07:00  INFO 22328 --- [main] com.zaxxer.hikari.HikariDataSource       : HikariPool-1 - Starting...
2024-03-10T21:10:19.351+07:00  INFO 22328 --- [main] com.zaxxer.hikari.pool.HikariPool        : HikariPool-1 - Added connection com.mysql.cj.jdbc.ConnectionImpl@24405466
2024-03-10T21:10:19.352+07:00  INFO 22328 --- [main] com.zaxxer.hikari.HikariDataSource       : HikariPool-1 - Start completed.
2024-03-10T21:10:20.027+07:00  INFO 22328 --- [main] o.h.e.t.j.p.i.JtaPlatformInitiator       : HHH000489: No JTA platform available (set 'hibernate.transaction.jta.platform' to enable JTA platform integration)
2024-03-10T21:10:20.027+07:00  INFO 22328 --- [main] j.LocalContainerEntityManagerFactoryBean : Initialized JPA EntityManagerFactory for persistence unit 'default'
2024-03-10T21:10:20.607+07:00  INFO 22328 --- [main] o.s.s.web.DefaultSecurityFilterChain     : Will secure any request with [org.springframework.security.web.session.DisableEncodeUrlFilter@7c55e559, org.springframework.security.web.context.request.async.WebAsyncManagerIntegrationFilter@420068a, org.springframework.security.web.context.SecurityContextHolderFilter@183435c0, org.springframework.security.web.header.HeaderWriterFilter@1cb7f2fe, org.springframework.web.filter.CorsFilter@79d8075c, org.springframework.security.web.authentication.logout.LogoutFilter@30bd6bc8, com.example.backendkhoaluan.security.CustomJwtFilter@4d10f182, org.springframework.security.web.savedrequest.RequestCacheAwareFilter@585718dd, org.springframework.security.web.servletapi.SecurityContextHolderAwareRequestFilter@5a644d75, org.springframework.security.web.authentication.AnonymousAuthenticationFilter@4d4337f9, org.springframework.security.web.session.SessionManagementFilter@d426e01, org.springframework.security.web.access.ExceptionTranslationFilter@20843604, org.springframework.security.web.access.intercept.AuthorizationFilter@7f38545a]
2024-03-10T21:10:20.763+07:00  INFO 22328 --- [main] o.s.b.w.embedded.tomcat.TomcatWebServer  : Tomcat started on port 8081 (http) with context path ''
2024-03-10T21:10:20.778+07:00  INFO 22328 --- [main] c.e.b.BackendKhoaLuanApplication         : Started BackendKhoaLuanApplication in 3.171 seconds (process running for 3.692)
